<?xml version="1.0" encoding="UTF-8"?>
<testsuite xmlns:xsi="http://www.w3.org/2001/XMLSchema-instance" xsi:noNamespaceSchemaLocation="https://maven.apache.org/surefire/maven-surefire-plugin/xsd/surefire-test-report.xsd" name="edu.westga.comp4420.junit_sample.test.model.telephone_checker.TestVerifyNumber" time="0.291" tests="2" errors="0" skipped="0" failures="0">
  <properties>
[...]
</properties>
  <testcase name="test{long, boolean}[1]" classname="edu.westga.comp4420.junit_sample.test.model.telephone_checker.TestVerifyNumber" time="0.102"/>
  <testcase name="testInvalidNumbers{long}[1]" classname="edu.westga.comp4420.junit_sample.test.model.telephone_checker.TestVerifyNumber" time="0.006"/>
</testsuite>